d:\project\gui\player\player\debug\vc141.pdb
d:\project\gui\player\player\debug\vc141.idb
d:\project\gui\player\player\debug\widgets.obj
d:\project\gui\player\player\debug\os-themes.obj
d:\project\gui\player\player\debug\algebra.obj
d:\project\gui\player\player\debug\tool.obj
d:\project\gui\player\player\debug\panelif.obj
d:\project\gui\player\player\debug\lyric.obj
d:\project\gui\player\player\debug\audio.obj
d:\project\gui\player\player\debug\main.obj
d:\project\gui\player\player\debug\aplayer.obj
d:\project\gui\player\debug\player.ilk
d:\project\gui\player\debug\player.exe
d:\project\gui\player\debug\player.pdb
d:\project\gui\player\player\debug\player.tlog\cl.command.1.tlog
d:\project\gui\player\player\debug\player.tlog\cl.read.1.tlog
d:\project\gui\player\player\debug\player.tlog\cl.write.1.tlog
d:\project\gui\player\player\debug\player.tlog\link.command.1.tlog
d:\project\gui\player\player\debug\player.tlog\link.read.1.tlog
d:\project\gui\player\player\debug\player.tlog\link.write.1.tlog
